2024-08-17 06:46:33,697 INFO: 
You are authenticated
 [in /root/Ojlev/ojlevapp/views.py:31]
2024-08-17 06:47:06,153 WARNING: 
You are not authenticated
 [in /root/Ojlev/ojlevapp/views.py:33]
2024-08-17 06:48:23,681 WARNING: 
You are not authenticated
 [in /root/Ojlev/ojlevapp/views.py:33]
2024-08-17 06:48:54,118 WARNING: 
You are not authenticated
 [in /root/Ojlev/ojlevapp/views.py:33]
2024-08-17 06:50:49,844 WARNING: You are not authenticated [in /root/Ojlev/ojlevapp/views.py:33]
2024-08-17 06:51:39,612 WARNING: You are not authenticated [in /root/Ojlev/ojlevapp/views.py:33]
2024-08-17 06:51:39,661 WARNING: You are not authenticated [in /root/Ojlev/ojlevapp/views.py:33]
2024-08-17 06:52:19,611 WARNING: You are not authenticated [in /root/Ojlev/ojlevapp/views.py:33]
2024-08-17 06:53:41,087 WARNING: You are not authenticated [in /root/Ojlev/ojlevapp/views.py:33]
2024-08-17 06:54:58,342 WARNING: You are not authenticated [in /root/Ojlev/ojlevapp/views.py:33]
2024-08-17 06:55:15,973 WARNING: You are not authenticated [in /root/Ojlev/ojlevapp/views.py:33]
2024-08-17 06:55:17,971 WARNING: You are not authenticated [in /root/Ojlev/ojlevapp/views.py:33]
2024-08-17 06:55:29,065 INFO: Generate page [in /root/Ojlev/ojlevapp/views.py:74]
2024-08-17 06:56:30,200 WARNING: You are not authenticated [in /root/Ojlev/ojlevapp/views.py:33]
2024-08-17 06:56:34,505 INFO: Generate page [in /root/Ojlev/ojlevapp/views.py:74]
2024-08-17 07:03:59,772 INFO: Application has been restarted [in app.py:14]
2024-08-17 07:03:59,876 INFO: Application has been restarted [in app.py:14]
2024-08-17 07:03:59,888 INFO: Application has been restarted [in app.py:14]
2024-08-17 07:04:41,472 INFO: Generate page [in views.py:74]
2024-08-17 07:04:41,700 INFO: Generate witness successfull [in generation.py:48]
2024-08-17 07:06:39,688 INFO: Application has been restarted [in app.py:14]
2024-08-17 07:06:39,738 INFO: Application has been restarted [in app.py:14]
2024-08-17 07:06:39,744 INFO: Application has been restarted [in app.py:14]
2024-08-17 07:06:53,395 INFO: Generate page [in views.py:74]
2024-08-17 07:06:53,587 INFO: Generate witness successfull [in generation.py:48]
2024-08-17 07:16:26,310 INFO: Application has been restarted [in app.py:14]
2024-08-17 07:16:26,350 INFO: Application has been restarted [in app.py:14]
2024-08-17 07:16:26,350 INFO: Application has been restarted [in app.py:14]
2024-08-17 07:16:36,577 INFO: Generate page [in views.py:74]
2024-08-17 07:16:36,808 INFO: Generate witness successfull [in generation.py:48]
2024-08-17 07:19:11,166 INFO: Application has been restarted [in app.py:14]
2024-08-17 07:19:11,167 INFO: Application has been restarted [in app.py:14]
2024-08-17 07:19:11,168 INFO: Application has been restarted [in app.py:14]
2024-08-17 07:19:15,661 INFO: Generate page [in views.py:74]
2024-08-17 07:19:15,828 INFO: Generate witness successfull [in generation.py:48]
2024-08-17 07:19:15,828 INFO: Generating gallery START [in generation.py:121]
2024-08-17 07:20:42,934 INFO: Application has been restarted [in app.py:14]
2024-08-17 07:20:43,117 INFO: Application has been restarted [in app.py:14]
2024-08-17 07:20:43,139 INFO: Application has been restarted [in app.py:14]
2024-08-17 07:20:46,605 INFO: Generate page [in views.py:74]
2024-08-17 07:20:46,808 INFO: Generate witness successfull [in generation.py:48]
2024-08-17 07:20:46,809 INFO: Generating gallery START [in generation.py:122]
2024-08-17 07:24:08,820 INFO: Application has been restarted [in app.py:14]
2024-08-17 07:24:08,934 INFO: Application has been restarted [in app.py:14]
2024-08-17 07:24:08,944 INFO: Application has been restarted [in app.py:14]
2024-08-17 07:25:17,147 INFO: Generate page [in views.py:74]
2024-08-17 07:25:17,319 INFO: Generate witness successfull [in generation.py:48]
2024-08-17 07:25:17,320 INFO: Generating gallery START [in generation.py:122]
2024-08-17 07:25:17,321 INFO: Files deleted in ./ojlevapp/static/img/gallery [in generation.py:118]
2024-08-17 07:25:17,321 INFO: Files deleted in ./ojlevapp/static/img/thumb [in generation.py:118]
2024-08-17 07:25:17,398 INFO: Generating gallery END [in generation.py:179]
2024-08-17 07:25:17,399 INFO: Finish generate page [in views.py:82]
2024-08-17 07:25:32,951 WARNING: You are not authenticated [in views.py:33]
2024-08-17 07:26:31,195 WARNING: You are not authenticated [in views.py:33]
2024-08-17 07:26:34,497 WARNING: You are not authenticated [in views.py:33]
2024-08-17 07:26:36,978 WARNING: You are not authenticated [in views.py:33]
2024-08-17 07:26:42,908 INFO: Generate page [in views.py:74]
2024-08-17 07:26:43,051 INFO: Generate witness successfull [in generation.py:48]
2024-08-17 07:26:43,051 INFO: Generating gallery START [in generation.py:122]
2024-08-17 07:26:43,052 INFO: Files deleted in ./ojlevapp/static/img/gallery [in generation.py:118]
2024-08-17 07:26:43,053 INFO: Files deleted in ./ojlevapp/static/img/thumb [in generation.py:118]
2024-08-17 07:26:43,080 INFO: Generating gallery END [in generation.py:179]
2024-08-17 07:26:43,080 INFO: Finish generate page [in views.py:82]
2024-08-17 07:27:53,406 INFO: Application has been restarted [in app.py:14]
2024-08-17 07:27:53,430 INFO: Application has been restarted [in app.py:14]
2024-08-17 07:27:53,452 INFO: Application has been restarted [in app.py:14]
2024-08-17 07:27:59,442 WARNING: You are not authenticated [in views.py:33]
2024-08-17 07:28:05,461 WARNING: You are not authenticated [in views.py:33]
2024-08-17 07:33:53,112 WARNING: You are not authenticated [in views.py:33]
2024-08-17 07:46:12,775 WARNING: You are not authenticated [in views.py:33]
2024-08-17 07:59:06,166 WARNING: You are not authenticated [in views.py:33]
2024-08-17 08:09:09,751 WARNING: You are not authenticated [in views.py:33]
2024-08-17 08:14:34,966 WARNING: You are not authenticated [in views.py:33]
2024-08-17 08:40:08,595 WARNING: You are not authenticated [in views.py:33]
2024-08-17 08:44:09,512 INFO: Application has been restarted [in app.py:14]
2024-08-17 08:44:09,537 INFO: Application has been restarted [in app.py:14]
2024-08-17 08:44:09,556 INFO: Application has been restarted [in app.py:14]
2024-08-17 08:44:12,502 WARNING: You are not authenticated [in views.py:33]
2024-08-17 08:52:08,033 INFO: Application has been restarted [in app.py:14]
2024-08-17 08:52:08,212 INFO: Application has been restarted [in app.py:14]
2024-08-17 08:52:08,226 INFO: Application has been restarted [in app.py:14]
2024-08-17 08:52:12,286 WARNING: You are not authenticated [in views.py:33]
